2017-04-24 21:44:36,779 - __main__ - INFO - Started

2017-04-24 21:44:36,780 - __main__ - INFO - outvector1 = [ 0.0000  0.0000  1.5600  0.0000]
2017-04-24 21:44:36,782 - __main__ - INFO - outvector2 = [ 5.0000  5.0000  5.0000  5.0000  5.0000]

2017-04-24 21:44:36,819 - __main__ - INFO - outvector1 = [ 1.0000  1.0000  1.3886 -0.0031]
2017-04-24 21:44:36,821 - __main__ - INFO - outvector2 = [ 5.5684  5.0835  4.4966  3.8307  3.2746]
2017-04-24 21:44:36,822 - __main__ - INFO - kktnorm    = 0.0597470531301

2017-04-24 21:44:36,859 - __main__ - INFO - outvector1 = [ 2.0000  1.0000  1.3504 -0.0083]
2017-04-24 21:44:36,861 - __main__ - INFO - outvector2 = [ 5.8116  5.2229  4.5080  3.6071  2.4908]
2017-04-24 21:44:36,861 - __main__ - INFO - kktnorm    = 0.0311740903293

2017-04-24 21:44:36,937 - __main__ - INFO - outvector1 = [ 3.0000  2.0000  1.3409 -0.0007]
2017-04-24 21:44:36,937 - __main__ - INFO - outvector2 = [ 5.9143  5.2804  4.5145  3.5580  2.2211]
2017-04-24 21:44:36,938 - __main__ - INFO - kktnorm    = 0.00952877407937

2017-04-24 21:44:37,026 - __main__ - INFO - outvector1 = [ 4.0000  2.0000  1.3401 -0.0001]
2017-04-24 21:44:37,028 - __main__ - INFO - outvector2 = [ 5.9657  5.3036  4.5144  3.5313  2.1605]
2017-04-24 21:44:37,029 - __main__ - INFO - kktnorm    = 0.00370266844529

2017-04-24 21:44:37,096 - __main__ - INFO - outvector1 = [ 5.0000  2.0000  1.3400 -0.0000]
2017-04-24 21:44:37,098 - __main__ - INFO - outvector2 = [ 5.9952  5.3095  4.5105  3.5072  2.1516]
2017-04-24 21:44:37,098 - __main__ - INFO - kktnorm    = 0.00134849331997

2017-04-24 21:44:37,163 - __main__ - INFO - outvector1 = [ 6.0000  2.0000  1.3400 -0.0000]
2017-04-24 21:44:37,164 - __main__ - INFO - outvector2 = [ 6.0085  5.3082  4.5051  3.4994  2.1526]
2017-04-24 21:44:37,164 - __main__ - INFO - kktnorm    = 0.00071209617699

2017-04-24 21:44:37,204 - __main__ - INFO - outvector1 = [ 7.0000  1.0000  1.3400 -0.0000]
2017-04-24 21:44:37,206 - __main__ - INFO - outvector2 = [ 6.0141  5.3076  4.4995  3.5010  2.1515]
2017-04-24 21:44:37,206 - __main__ - INFO - kktnorm    = 0.000374047452186

2017-04-24 21:44:37,246 - __main__ - INFO - outvector1 = [ 8.0000  1.0000  1.3400 -0.0000]
2017-04-24 21:44:37,246 - __main__ - INFO - outvector2 = [ 6.0155  5.3083  4.4963  3.5010  2.1525]
2017-04-24 21:44:37,247 - __main__ - INFO - kktnorm    = 0.000144966449188

2017-04-24 21:44:37,298 - __main__ - INFO - outvector1 = [ 9.0000  1.0000  1.3400 -0.0000]
2017-04-24 21:44:37,299 - __main__ - INFO - outvector2 = [ 6.0159  5.3087  4.4950  3.5015  2.1526]
2017-04-24 21:44:37,299 - __main__ - INFO - kktnorm    = 5.10768006099e-05

2017-04-24 21:44:37,318 - __main__ - INFO - outvector1 = [ 10.0000  0.0000  1.3400 -0.0000]
2017-04-24 21:44:37,319 - __main__ - INFO - outvector2 = [ 6.0161  5.3092  4.4942  3.5015  2.1527]
2017-04-24 21:44:37,319 - __main__ - INFO - kktnorm    = 1.15179462891e-05

2017-04-24 21:44:37,339 - __main__ - INFO - outvector1 = [ 11.0000  0.0000  1.3400 -0.0000]
2017-04-24 21:44:37,341 - __main__ - INFO - outvector2 = [ 6.0158  5.3092  4.4944  3.5015  2.1527]
2017-04-24 21:44:37,341 - __main__ - INFO - kktnorm    = 1.04990930385e-05

2017-04-24 21:44:37,361 - __main__ - INFO - outvector1 = [ 12.0000  0.0000  1.3400 -0.0000]
2017-04-24 21:44:37,362 - __main__ - INFO - outvector2 = [ 6.0162  5.3091  4.4943  3.5013  2.1527]
2017-04-24 21:44:37,362 - __main__ - INFO - kktnorm    = 1.48325096507e-05

2017-04-24 21:44:37,382 - __main__ - INFO - outvector1 = [ 13.0000  0.0000  1.3400 -0.0000]
2017-04-24 21:44:37,384 - __main__ - INFO - outvector2 = [ 6.0158  5.3091  4.4943  3.5017  2.1527]
2017-04-24 21:44:37,384 - __main__ - INFO - kktnorm    = 1.9192731338e-05

2017-04-24 21:44:37,403 - __main__ - INFO - outvector1 = [ 14.0000  0.0000  1.3400 -0.0000]
2017-04-24 21:44:37,404 - __main__ - INFO - outvector2 = [ 6.0161  5.3092  4.4944  3.5013  2.1527]
2017-04-24 21:44:37,404 - __main__ - INFO - kktnorm    = 1.3462077492e-05

2017-04-24 21:44:37,424 - __main__ - INFO - outvector1 = [ 15.0000  0.0000  1.3400 -0.0000]
2017-04-24 21:44:37,424 - __main__ - INFO - outvector2 = [ 6.0160  5.3092  4.4943  3.5015  2.1527]
2017-04-24 21:44:37,426 - __main__ - INFO - kktnorm    = 3.89979618056e-06

2017-04-24 21:44:37,446 - __main__ - INFO - outvector1 = [ 16.0000  0.0000  1.3400 -0.0000]
2017-04-24 21:44:37,447 - __main__ - INFO - outvector2 = [ 6.0160  5.3092  4.4943  3.5015  2.1527]
2017-04-24 21:44:37,447 - __main__ - INFO - kktnorm    = 1.36854854267e-06

2017-04-24 21:44:37,464 - __main__ - INFO - outvector1 = [ 17.0000  0.0000  1.3400 -0.0000]
2017-04-24 21:44:37,466 - __main__ - INFO - outvector2 = [ 6.0160  5.3092  4.4943  3.5015  2.1527]
2017-04-24 21:44:37,466 - __main__ - INFO - kktnorm    = 1.76812323488e-06

2017-04-24 21:44:37,483 - __main__ - INFO - outvector1 = [ 18.0000  0.0000  1.3400 -0.0000]
2017-04-24 21:44:37,484 - __main__ - INFO - outvector2 = [ 6.0160  5.3092  4.4943  3.5015  2.1527]
2017-04-24 21:44:37,486 - __main__ - INFO - kktnorm    = 1.47106481981e-06

2017-04-24 21:44:37,505 - __main__ - INFO - outvector1 = [ 19.0000  0.0000  1.3400 -0.0000]
2017-04-24 21:44:37,505 - __main__ - INFO - outvector2 = [ 6.0160  5.3092  4.4943  3.5015  2.1527]
2017-04-24 21:44:37,506 - __main__ - INFO - kktnorm    = 1.22991631407e-06

2017-04-24 21:44:37,525 - __main__ - INFO - outvector1 = [ 20.0000  0.0000  1.3400 -0.0000]
2017-04-24 21:44:37,526 - __main__ - INFO - outvector2 = [ 6.0160  5.3092  4.4943  3.5015  2.1527]
2017-04-24 21:44:37,526 - __main__ - INFO - kktnorm    = 1.09453114492e-06

2017-04-24 21:44:37,526 - __main__ - INFO - Finished
