2017-04-19 16:18:03,618 - __main__ - INFO - Started

2017-04-19 16:18:03,621 - __main__ - INFO - outvector1 = [0 4 3 2]
2017-04-19 16:18:03,621 - __main__ - INFO - outvector2 = [29 -6 -6]

2017-04-19 16:18:03,663 - __main__ - INFO - outvector1 = [ 1.0000  2.3903  1.8057  0.9929]
2017-04-19 16:18:03,664 - __main__ - INFO - outvector2 = [ 9.9599 -2.1517  0.2152]
2017-04-19 16:18:03,664 - __main__ - INFO - kktnorm    = 4.30711520194

2017-04-19 16:18:03,697 - __main__ - INFO - outvector1 = [ 2.0000  2.0385  1.7624  1.2417]
2017-04-19 16:18:03,698 - __main__ - INFO - outvector2 = [ 8.8030 -0.1143  0.0232]
2017-04-19 16:18:03,700 - __main__ - INFO - kktnorm    = 0.622121086784

2017-04-19 16:18:03,733 - __main__ - INFO - outvector1 = [ 3.0000  2.0178  1.7786  1.2392]
2017-04-19 16:18:03,734 - __main__ - INFO - outvector2 = [ 8.7703 -0.0002  0.0000]
2017-04-19 16:18:03,734 - __main__ - INFO - kktnorm    = 0.0222172958572

2017-04-19 16:18:03,767 - __main__ - INFO - outvector1 = [ 4.0000  2.0176  1.7794  1.2383]
2017-04-19 16:18:03,769 - __main__ - INFO - outvector2 = [ 8.7702  0.0000 -0.0000]
2017-04-19 16:18:03,769 - __main__ - INFO - kktnorm    = 0.00451484816846

2017-04-19 16:18:03,803 - __main__ - INFO - outvector1 = [ 5.0000  2.0176  1.7798  1.2378]
2017-04-19 16:18:03,805 - __main__ - INFO - outvector2 = [ 8.7702  0.0000 -0.0000]
2017-04-19 16:18:03,805 - __main__ - INFO - kktnorm    = 0.00156266302071

2017-04-19 16:18:03,838 - __main__ - INFO - outvector1 = [ 6.0000  2.0175  1.7800  1.2376]
2017-04-19 16:18:03,838 - __main__ - INFO - outvector2 = [ 8.7702 -0.0000 -0.0000]
2017-04-19 16:18:03,838 - __main__ - INFO - kktnorm    = 0.00035034849134

2017-04-19 16:18:03,869 - __main__ - INFO - outvector1 = [ 7.0000  2.0175  1.7800  1.2375]
2017-04-19 16:18:03,871 - __main__ - INFO - outvector2 = [ 8.7702 -0.0000 -0.0000]
2017-04-19 16:18:03,871 - __main__ - INFO - kktnorm    = 4.04623267957e-05

2017-04-19 16:18:03,907 - __main__ - INFO - outvector1 = [ 8.0000  2.0175  1.7800  1.2375]
2017-04-19 16:18:03,908 - __main__ - INFO - outvector2 = [ 8.7702 -0.0000 -0.0000]
2017-04-19 16:18:03,908 - __main__ - INFO - kktnorm    = 2.49407062846e-06

2017-04-19 16:18:03,943 - __main__ - INFO - outvector1 = [ 9.0000  2.0175  1.7800  1.2375]
2017-04-19 16:18:03,944 - __main__ - INFO - outvector2 = [ 8.7702 -0.0000 -0.0000]
2017-04-19 16:18:03,944 - __main__ - INFO - kktnorm    = 8.22081933995e-07

2017-04-19 16:18:03,977 - __main__ - INFO - outvector1 = [ 10.0000  2.0175  1.7800  1.2375]
2017-04-19 16:18:03,980 - __main__ - INFO - outvector2 = [ 8.7702 -0.0000 -0.0000]
2017-04-19 16:18:03,980 - __main__ - INFO - kktnorm    = 3.84492007643e-07

2017-04-19 16:18:04,013 - __main__ - INFO - outvector1 = [ 11.0000  2.0175  1.7800  1.2375]
2017-04-19 16:18:04,016 - __main__ - INFO - outvector2 = [ 8.7702 -0.0000 -0.0000]
2017-04-19 16:18:04,016 - __main__ - INFO - kktnorm    = 4.33594964514e-07

2017-04-19 16:18:04,016 - __main__ - INFO - Finished
