2017-04-19 16:18:07,096 - __main__ - INFO - Started

2017-04-19 16:18:07,135 - __main__ - INFO - outvector1 = [ 0.0000  1.0000  1.0000  1.0000]
2017-04-19 16:18:07,137 - __main__ - INFO - outvector2 = [ 0.7500  1.0000  0.7500  0.0000]

2017-04-19 16:18:07,177 - __main__ - INFO - outvector1 = [ 1.0000  0.9034  1.1619  0.9034]
2017-04-19 16:18:07,177 - __main__ - INFO - outvector2 = [ 0.7956  0.9684  0.7956 -0.0314]
2017-04-19 16:18:07,177 - __main__ - INFO - kktnorm    = 0.19521410705

2017-04-19 16:18:07,221 - __main__ - INFO - outvector1 = [ 2.0000  0.8171  1.3341  0.8171]
2017-04-19 16:18:07,223 - __main__ - INFO - outvector2 = [ 0.8444  0.9297  0.8444 -0.0318]
2017-04-19 16:18:07,223 - __main__ - INFO - kktnorm    = 0.179955078266

2017-04-19 16:18:07,272 - __main__ - INFO - outvector1 = [ 3.0000  0.7370  1.5019  0.7370]
2017-04-19 16:18:07,273 - __main__ - INFO - outvector2 = [ 0.9018  0.8933  0.9018 -0.0241]
2017-04-19 16:18:07,273 - __main__ - INFO - kktnorm    = 0.125211712765

2017-04-19 16:18:07,313 - __main__ - INFO - outvector1 = [ 4.0000  0.7498  1.5002  0.7498]
2017-04-19 16:18:07,315 - __main__ - INFO - outvector2 = [ 0.8890  0.8889  0.8890 -0.0002]
2017-04-19 16:18:07,315 - __main__ - INFO - kktnorm    = 0.00394238207476

2017-04-19 16:18:07,359 - __main__ - INFO - outvector1 = [ 5.0000  0.7500  1.5000  0.7500]
2017-04-19 16:18:07,361 - __main__ - INFO - outvector2 = [ 0.8889  0.8889  0.8889 -0.0000]
2017-04-19 16:18:07,361 - __main__ - INFO - kktnorm    = 0.000151058887554

2017-04-19 16:18:07,403 - __main__ - INFO - outvector1 = [ 6.0000  0.7500  1.5000  0.7500]
2017-04-19 16:18:07,404 - __main__ - INFO - outvector2 = [ 0.8889  0.8889  0.8889 -0.0000]
2017-04-19 16:18:07,404 - __main__ - INFO - kktnorm    = 4.10290245389e-07

2017-04-19 16:18:07,404 - __main__ - INFO - Finished
