2017-08-25 14:47:49,025 - __main__ - INFO - Started

2017-08-25 14:47:49,025 - __main__ - INFO - outvector1 = [ 0.0000  0.0000  2426.0000  0.0000]
2017-08-25 14:47:49,025 - __main__ - INFO - outvector2 = [ 1.0000]

2017-08-25 14:47:49,055 - __main__ - INFO - outvector1 = [ 1.0000  0.0000  44.8025  0.0000]
2017-08-25 14:47:49,055 - __main__ - INFO - outvector2 = [ 45.5500]
2017-08-25 14:47:49,055 - __main__ - INFO - kktnorm    = 945.501050316

2017-08-25 14:47:49,066 - __main__ - INFO - outvector1 = [ 2.0000  0.0000  1633.0100  0.0000]
2017-08-25 14:47:49,066 - __main__ - INFO - outvector2 = [ 90.1000]
2017-08-25 14:47:49,066 - __main__ - INFO - kktnorm    = 83.2277645056

2017-08-25 14:47:49,096 - __main__ - INFO - outvector1 = [ 3.0000  0.0000  203.4896  0.0000]
2017-08-25 14:47:49,096 - __main__ - INFO - outvector2 = [ 36.6400]
2017-08-25 14:47:49,096 - __main__ - INFO - kktnorm    = 508.031547087

2017-08-25 14:47:49,118 - __main__ - INFO - outvector1 = [ 4.0000  0.0000  603.9798  0.0000]
2017-08-25 14:47:49,118 - __main__ - INFO - outvector2 = [ 74.0620]
2017-08-25 14:47:49,118 - __main__ - INFO - kktnorm    = 133.514239565

2017-08-25 14:47:49,128 - __main__ - INFO - outvector1 = [ 5.0000  0.0000  29.5514  0.0000]
2017-08-25 14:47:49,128 - __main__ - INFO - outvector2 = [ 47.8666]
2017-08-25 14:47:49,128 - __main__ - INFO - kktnorm    = 399.582907537

2017-08-25 14:47:49,168 - __main__ - INFO - outvector1 = [ 6.0000  0.0000  287.5495  0.0000]
2017-08-25 14:47:49,168 - __main__ - INFO - outvector2 = [ 66.2034]
2017-08-25 14:47:49,168 - __main__ - INFO - kktnorm    = 41.6581147614

2017-08-25 14:47:49,198 - __main__ - INFO - outvector1 = [ 7.0000  0.0000  36.3410  0.0000]
2017-08-25 14:47:49,198 - __main__ - INFO - outvector2 = [ 53.3676]
2017-08-25 14:47:49,198 - __main__ - INFO - kktnorm    = 300.338411915

2017-08-25 14:47:49,219 - __main__ - INFO - outvector1 = [ 8.0000  0.0000  56.5551  0.0000]
2017-08-25 14:47:49,219 - __main__ - INFO - outvector2 = [ 44.3826]
2017-08-25 14:47:49,219 - __main__ - INFO - kktnorm    = 52.8441702285

2017-08-25 14:47:49,239 - __main__ - INFO - outvector1 = [ 9.0000  0.0000  51.6735  0.0000]
2017-08-25 14:47:49,239 - __main__ - INFO - outvector2 = [ 55.1646]
2017-08-25 14:47:49,239 - __main__ - INFO - kktnorm    = 89.6981007988

2017-08-25 14:47:49,259 - __main__ - INFO - outvector1 = [ 10.0000  0.0000  30.6776  0.0000]
2017-08-25 14:47:49,269 - __main__ - INFO - outvector2 = [ 47.6172]
2017-08-25 14:47:49,269 - __main__ - INFO - kktnorm    = 85.1519076714

2017-08-25 14:47:49,289 - __main__ - INFO - outvector1 = [ 11.0000  0.0000  33.4124  0.0000]
2017-08-25 14:47:49,289 - __main__ - INFO - outvector2 = [ 52.9004]
2017-08-25 14:47:49,289 - __main__ - INFO - kktnorm    = 39.8738617318

2017-08-25 14:47:49,328 - __main__ - INFO - outvector1 = [ 12.0000  0.0000  25.6365  0.0000]
2017-08-25 14:47:49,328 - __main__ - INFO - outvector2 = [ 49.2022]
2017-08-25 14:47:49,328 - __main__ - INFO - kktnorm    = 49.1547296854

2017-08-25 14:47:49,348 - __main__ - INFO - outvector1 = [ 13.0000  0.0000  28.2075  0.0000]
2017-08-25 14:47:49,348 - __main__ - INFO - outvector2 = [ 51.7909]
2017-08-25 14:47:49,348 - __main__ - INFO - kktnorm    = 13.7048004272

2017-08-25 14:47:49,388 - __main__ - INFO - outvector1 = [ 14.0000  0.0000  25.0004  0.0000]
2017-08-25 14:47:49,388 - __main__ - INFO - outvector2 = [ 49.9788]
2017-08-25 14:47:49,388 - __main__ - INFO - kktnorm    = 30.6157735069

2017-08-25 14:47:49,418 - __main__ - INFO - outvector1 = [ 15.0000  0.0000  26.5214  0.0000]
2017-08-25 14:47:49,418 - __main__ - INFO - outvector2 = [ 51.2335]
2017-08-25 14:47:49,418 - __main__ - INFO - kktnorm    = 2.46691955254

2017-08-25 14:47:49,438 - __main__ - INFO - outvector1 = [ 16.0000  0.0000  25.1173  0.0000]
2017-08-25 14:47:49,438 - __main__ - INFO - outvector2 = [ 50.3425]
2017-08-25 14:47:49,438 - __main__ - INFO - kktnorm    = 21.083971299

2017-08-25 14:47:49,469 - __main__ - INFO - outvector1 = [ 17.0000  0.0000  25.3009  0.0000]
2017-08-25 14:47:49,469 - __main__ - INFO - outvector2 = [ 49.4515]
2017-08-25 14:47:49,469 - __main__ - INFO - kktnorm    = 5.52850197389

2017-08-25 14:47:49,519 - __main__ - INFO - outvector1 = [ 18.0000  0.0000  25.2711  0.0000]
2017-08-25 14:47:49,519 - __main__ - INFO - outvector2 = [ 50.5207]
2017-08-25 14:47:49,519 - __main__ - INFO - kktnorm    = 9.20675573993

2017-08-25 14:47:49,549 - __main__ - INFO - outvector1 = [ 19.0000  0.0000  25.1372  0.0000]
2017-08-25 14:47:49,549 - __main__ - INFO - outvector2 = [ 49.6297]
2017-08-25 14:47:49,549 - __main__ - INFO - kktnorm    = 8.53650026912

2017-08-25 14:47:49,578 - __main__ - INFO - outvector1 = [ 20.0000  0.0000  25.2711  0.0000]
2017-08-25 14:47:49,578 - __main__ - INFO - outvector2 = [ 50.5207]
2017-08-25 14:47:49,578 - __main__ - INFO - kktnorm    = 6.11011372933

2017-08-25 14:47:49,578 - __main__ - INFO -  Finished
