2019-11-02 11:52:11,431 - __main__ - INFO - Started

2019-11-02 11:52:11,431 - __main__ - INFO - outvector1 = [ 0.0000  0.0000  1.5600  0.0000]
2019-11-02 11:52:11,431 - __main__ - INFO - outvector2 = [ 5.0000  5.0000  5.0000  5.0000  5.0000]

2019-11-02 11:52:11,450 - __main__ - INFO - outvector1 = [ 1.0000  1.0000  1.3886 -0.0031]
2019-11-02 11:52:11,451 - __main__ - INFO - outvector2 = [ 5.5684  5.0835  4.4966  3.8307  3.2746]
2019-11-02 11:52:11,451 - __main__ - INFO - kktnorm    = 0.0597470531301

2019-11-02 11:52:11,479 - __main__ - INFO - outvector1 = [ 2.0000  1.0000  1.3504 -0.0083]
2019-11-02 11:52:11,479 - __main__ - INFO - outvector2 = [ 5.8116  5.2229  4.5080  3.6071  2.4908]
2019-11-02 11:52:11,479 - __main__ - INFO - kktnorm    = 0.0311740903293

2019-11-02 11:52:11,507 - __main__ - INFO - outvector1 = [ 3.0000  2.0000  1.3409 -0.0007]
2019-11-02 11:52:11,507 - __main__ - INFO - outvector2 = [ 5.9143  5.2804  4.5145  3.5580  2.2211]
2019-11-02 11:52:11,507 - __main__ - INFO - kktnorm    = 0.00952877407937

2019-11-02 11:52:11,558 - __main__ - INFO - outvector1 = [ 4.0000  2.0000  1.3401 -0.0001]
2019-11-02 11:52:11,558 - __main__ - INFO - outvector2 = [ 5.9657  5.3036  4.5144  3.5313  2.1605]
2019-11-02 11:52:11,559 - __main__ - INFO - kktnorm    = 0.00370266844529

2019-11-02 11:52:11,608 - __main__ - INFO - outvector1 = [ 5.0000  2.0000  1.3400 -0.0000]
2019-11-02 11:52:11,608 - __main__ - INFO - outvector2 = [ 5.9952  5.3095  4.5105  3.5072  2.1516]
2019-11-02 11:52:11,609 - __main__ - INFO - kktnorm    = 0.00134849331997

2019-11-02 11:52:11,677 - __main__ - INFO - outvector1 = [ 6.0000  2.0000  1.3400 -0.0000]
2019-11-02 11:52:11,677 - __main__ - INFO - outvector2 = [ 6.0085  5.3082  4.5051  3.4994  2.1526]
2019-11-02 11:52:11,677 - __main__ - INFO - kktnorm    = 0.00071209617701

2019-11-02 11:52:11,729 - __main__ - INFO - outvector1 = [ 7.0000  1.0000  1.3400 -0.0000]
2019-11-02 11:52:11,732 - __main__ - INFO - outvector2 = [ 6.0141  5.3076  4.4995  3.5010  2.1515]
2019-11-02 11:52:11,732 - __main__ - INFO - kktnorm    = 0.000374047452193

2019-11-02 11:52:11,759 - __main__ - INFO - outvector1 = [ 8.0000  1.0000  1.3400 -0.0000]
2019-11-02 11:52:11,760 - __main__ - INFO - outvector2 = [ 6.0155  5.3083  4.4963  3.5010  2.1525]
2019-11-02 11:52:11,760 - __main__ - INFO - kktnorm    = 0.000144966449227

2019-11-02 11:52:11,806 - __main__ - INFO - outvector1 = [ 9.0000  1.0000  1.3400 -0.0000]
2019-11-02 11:52:11,806 - __main__ - INFO - outvector2 = [ 6.0159  5.3087  4.4950  3.5015  2.1526]
2019-11-02 11:52:11,808 - __main__ - INFO - kktnorm    = 5.10768007335e-05

2019-11-02 11:52:11,825 - __main__ - INFO - outvector1 = [ 10.0000  0.0000  1.3400 -0.0000]
2019-11-02 11:52:11,825 - __main__ - INFO - outvector2 = [ 6.0161  5.3092  4.4942  3.5015  2.1527]
2019-11-02 11:52:11,825 - __main__ - INFO - kktnorm    = 1.15179463306e-05

2019-11-02 11:52:11,841 - __main__ - INFO - outvector1 = [ 11.0000  0.0000  1.3400 -0.0000]
2019-11-02 11:52:11,841 - __main__ - INFO - outvector2 = [ 6.0158  5.3092  4.4944  3.5015  2.1527]
2019-11-02 11:52:11,841 - __main__ - INFO - kktnorm    = 1.04990930287e-05

2019-11-02 11:52:11,874 - __main__ - INFO - outvector1 = [ 12.0000  0.0000  1.3400 -0.0000]
2019-11-02 11:52:11,874 - __main__ - INFO - outvector2 = [ 6.0162  5.3091  4.4943  3.5013  2.1527]
2019-11-02 11:52:11,874 - __main__ - INFO - kktnorm    = 1.48325094757e-05

2019-11-02 11:52:11,897 - __main__ - INFO - outvector1 = [ 13.0000  0.0000  1.3400 -0.0000]
2019-11-02 11:52:11,897 - __main__ - INFO - outvector2 = [ 6.0158  5.3091  4.4943  3.5017  2.1527]
2019-11-02 11:52:11,897 - __main__ - INFO - kktnorm    = 1.91927310835e-05

2019-11-02 11:52:11,930 - __main__ - INFO - outvector1 = [ 14.0000  0.0000  1.3400 -0.0000]
2019-11-02 11:52:11,930 - __main__ - INFO - outvector2 = [ 6.0161  5.3092  4.4944  3.5013  2.1527]
2019-11-02 11:52:11,934 - __main__ - INFO - kktnorm    = 1.34620773155e-05

2019-11-02 11:52:11,957 - __main__ - INFO - outvector1 = [ 15.0000  0.0000  1.3400 -0.0000]
2019-11-02 11:52:11,961 - __main__ - INFO - outvector2 = [ 6.0160  5.3092  4.4943  3.5015  2.1527]
2019-11-02 11:52:11,961 - __main__ - INFO - kktnorm    = 3.89979613258e-06

2019-11-02 11:52:11,979 - __main__ - INFO - outvector1 = [ 16.0000  0.0000  1.3400 -0.0000]
2019-11-02 11:52:11,979 - __main__ - INFO - outvector2 = [ 6.0160  5.3092  4.4943  3.5015  2.1527]
2019-11-02 11:52:11,980 - __main__ - INFO - kktnorm    = 1.36854853913e-06

2019-11-02 11:52:12,009 - __main__ - INFO - outvector1 = [ 17.0000  0.0000  1.3400 -0.0000]
2019-11-02 11:52:12,009 - __main__ - INFO - outvector2 = [ 6.0160  5.3092  4.4943  3.5015  2.1527]
2019-11-02 11:52:12,009 - __main__ - INFO - kktnorm    = 1.76812323462e-06

2019-11-02 11:52:12,029 - __main__ - INFO - outvector1 = [ 18.0000  0.0000  1.3400 -0.0000]
2019-11-02 11:52:12,029 - __main__ - INFO - outvector2 = [ 6.0160  5.3092  4.4943  3.5015  2.1527]
2019-11-02 11:52:12,030 - __main__ - INFO - kktnorm    = 1.47106481976e-06

2019-11-02 11:52:12,046 - __main__ - INFO - outvector1 = [ 19.0000  0.0000  1.3400 -0.0000]
2019-11-02 11:52:12,048 - __main__ - INFO - outvector2 = [ 6.0160  5.3092  4.4943  3.5015  2.1527]
2019-11-02 11:52:12,048 - __main__ - INFO - kktnorm    = 1.22991631406e-06

2019-11-02 11:52:12,059 - __main__ - INFO - outvector1 = [ 20.0000  0.0000  1.3400 -0.0000]
2019-11-02 11:52:12,059 - __main__ - INFO - outvector2 = [ 6.0160  5.3092  4.4943  3.5015  2.1527]
2019-11-02 11:52:12,059 - __main__ - INFO - kktnorm    = 1.09453114492e-06

2019-11-02 11:52:12,059 - __main__ - INFO - Finished
