2019-11-09 12:26:22,858 - __main__ - INFO - Started

2019-11-09 12:26:22,858 - __main__ - INFO - outvector1 = [ 0.0000  1.0000  1.0000  1.0000]
2019-11-09 12:26:22,858 - __main__ - INFO - outvector2 = [ 0.7500  1.0000  0.7500  0.0000]

2019-11-09 12:26:22,874 - __main__ - INFO - outvector1 = [ 1.0000  0.9034  1.1619  0.9034]
2019-11-09 12:26:22,874 - __main__ - INFO - outvector2 = [ 0.7956  0.9684  0.7956 -0.0314]
2019-11-09 12:26:22,874 - __main__ - INFO - kktnorm    = 0.19521410705

2019-11-09 12:26:22,890 - __main__ - INFO - outvector1 = [ 2.0000  0.8171  1.3341  0.8171]
2019-11-09 12:26:22,890 - __main__ - INFO - outvector2 = [ 0.8444  0.9297  0.8444 -0.0318]
2019-11-09 12:26:22,890 - __main__ - INFO - kktnorm    = 0.179955078266

2019-11-09 12:26:22,905 - __main__ - INFO - outvector1 = [ 3.0000  0.7370  1.5019  0.7370]
2019-11-09 12:26:22,905 - __main__ - INFO - outvector2 = [ 0.9018  0.8933  0.9018 -0.0241]
2019-11-09 12:26:22,905 - __main__ - INFO - kktnorm    = 0.125211712765

2019-11-09 12:26:22,921 - __main__ - INFO - outvector1 = [ 4.0000  0.7498  1.5002  0.7498]
2019-11-09 12:26:22,921 - __main__ - INFO - outvector2 = [ 0.8890  0.8889  0.8890 -0.0002]
2019-11-09 12:26:22,921 - __main__ - INFO - kktnorm    = 0.00394238207476

2019-11-09 12:26:22,937 - __main__ - INFO - outvector1 = [ 5.0000  0.7500  1.5000  0.7500]
2019-11-09 12:26:22,937 - __main__ - INFO - outvector2 = [ 0.8889  0.8889  0.8889 -0.0000]
2019-11-09 12:26:22,937 - __main__ - INFO - kktnorm    = 0.000151058887554

2019-11-09 12:26:22,951 - __main__ - INFO - outvector1 = [ 6.0000  0.7500  1.5000  0.7500]
2019-11-09 12:26:22,951 - __main__ - INFO - outvector2 = [ 0.8889  0.8889  0.8889 -0.0000]
2019-11-09 12:26:22,951 - __main__ - INFO - kktnorm    = 4.10290245367e-07

2019-11-09 12:26:22,951 - __main__ - INFO - Finished
