2019-11-02 11:51:58,078 - __main__ - INFO - Started

2019-11-02 11:51:58,078 - __main__ - INFO - outvector1 = [ 0.0000  0.0000  2426.0000  0.0000]
2019-11-02 11:51:58,078 - __main__ - INFO - outvector2 = [ 1.0000]

2019-11-02 11:51:58,088 - __main__ - INFO - outvector1 = [ 1.0000  0.0000  44.8025  0.0000]
2019-11-02 11:51:58,088 - __main__ - INFO - outvector2 = [ 45.5500]
2019-11-02 11:51:58,089 - __main__ - INFO - kktnorm    = 945.501050316

2019-11-02 11:51:58,098 - __main__ - INFO - outvector1 = [ 2.0000  0.0000  1633.0100  0.0000]
2019-11-02 11:51:58,098 - __main__ - INFO - outvector2 = [ 90.1000]
2019-11-02 11:51:58,098 - __main__ - INFO - kktnorm    = 83.2277645056

2019-11-02 11:51:58,105 - __main__ - INFO - outvector1 = [ 3.0000  0.0000  203.4896  0.0000]
2019-11-02 11:51:58,105 - __main__ - INFO - outvector2 = [ 36.6400]
2019-11-02 11:51:58,108 - __main__ - INFO - kktnorm    = 508.031547087

2019-11-02 11:51:58,115 - __main__ - INFO - outvector1 = [ 4.0000  0.0000  603.9798  0.0000]
2019-11-02 11:51:58,115 - __main__ - INFO - outvector2 = [ 74.0620]
2019-11-02 11:51:58,115 - __main__ - INFO - kktnorm    = 133.514239565

2019-11-02 11:51:58,118 - __main__ - INFO - outvector1 = [ 5.0000  0.0000  29.5514  0.0000]
2019-11-02 11:51:58,118 - __main__ - INFO - outvector2 = [ 47.8666]
2019-11-02 11:51:58,118 - __main__ - INFO - kktnorm    = 399.582907537

2019-11-02 11:51:58,128 - __main__ - INFO - outvector1 = [ 6.0000  0.0000  287.5495  0.0000]
2019-11-02 11:51:58,128 - __main__ - INFO - outvector2 = [ 66.2034]
2019-11-02 11:51:58,128 - __main__ - INFO - kktnorm    = 41.6581147614

2019-11-02 11:51:58,138 - __main__ - INFO - outvector1 = [ 7.0000  0.0000  36.3410  0.0000]
2019-11-02 11:51:58,138 - __main__ - INFO - outvector2 = [ 53.3676]
2019-11-02 11:51:58,138 - __main__ - INFO - kktnorm    = 300.338411915

2019-11-02 11:51:58,148 - __main__ - INFO - outvector1 = [ 8.0000  0.0000  56.5551  0.0000]
2019-11-02 11:51:58,148 - __main__ - INFO - outvector2 = [ 44.3826]
2019-11-02 11:51:58,150 - __main__ - INFO - kktnorm    = 52.8441702285

2019-11-02 11:51:58,157 - __main__ - INFO - outvector1 = [ 9.0000  0.0000  51.6735  0.0000]
2019-11-02 11:51:58,158 - __main__ - INFO - outvector2 = [ 55.1646]
2019-11-02 11:51:58,158 - __main__ - INFO - kktnorm    = 89.6981007988

2019-11-02 11:51:58,167 - __main__ - INFO - outvector1 = [ 10.0000  0.0000  30.6776  0.0000]
2019-11-02 11:51:58,167 - __main__ - INFO - outvector2 = [ 47.6172]
2019-11-02 11:51:58,167 - __main__ - INFO - kktnorm    = 85.1519076714

2019-11-02 11:51:58,177 - __main__ - INFO - outvector1 = [ 11.0000  0.0000  33.4124  0.0000]
2019-11-02 11:51:58,177 - __main__ - INFO - outvector2 = [ 52.9004]
2019-11-02 11:51:58,177 - __main__ - INFO - kktnorm    = 39.8738617318

2019-11-02 11:51:58,180 - __main__ - INFO - outvector1 = [ 12.0000  0.0000  25.6365  0.0000]
2019-11-02 11:51:58,180 - __main__ - INFO - outvector2 = [ 49.2022]
2019-11-02 11:51:58,180 - __main__ - INFO - kktnorm    = 49.1547296854

2019-11-02 11:51:58,197 - __main__ - INFO - outvector1 = [ 13.0000  0.0000  28.2075  0.0000]
2019-11-02 11:51:58,197 - __main__ - INFO - outvector2 = [ 51.7909]
2019-11-02 11:51:58,197 - __main__ - INFO - kktnorm    = 13.7048004272

2019-11-02 11:51:58,209 - __main__ - INFO - outvector1 = [ 14.0000  0.0000  25.0004  0.0000]
2019-11-02 11:51:58,209 - __main__ - INFO - outvector2 = [ 49.9788]
2019-11-02 11:51:58,209 - __main__ - INFO - kktnorm    = 30.6157735069

2019-11-02 11:51:58,220 - __main__ - INFO - outvector1 = [ 15.0000  0.0000  26.5214  0.0000]
2019-11-02 11:51:58,220 - __main__ - INFO - outvector2 = [ 51.2335]
2019-11-02 11:51:58,221 - __main__ - INFO - kktnorm    = 2.46691955254

2019-11-02 11:51:58,230 - __main__ - INFO - outvector1 = [ 16.0000  0.0000  25.1173  0.0000]
2019-11-02 11:51:58,230 - __main__ - INFO - outvector2 = [ 50.3425]
2019-11-02 11:51:58,230 - __main__ - INFO - kktnorm    = 21.083971299

2019-11-02 11:51:58,243 - __main__ - INFO - outvector1 = [ 17.0000  0.0000  25.3009  0.0000]
2019-11-02 11:51:58,243 - __main__ - INFO - outvector2 = [ 49.4515]
2019-11-02 11:51:58,243 - __main__ - INFO - kktnorm    = 5.52850197389

2019-11-02 11:51:58,250 - __main__ - INFO - outvector1 = [ 18.0000  0.0000  25.2711  0.0000]
2019-11-02 11:51:58,250 - __main__ - INFO - outvector2 = [ 50.5207]
2019-11-02 11:51:58,250 - __main__ - INFO - kktnorm    = 9.20675573993

2019-11-02 11:51:58,262 - __main__ - INFO - outvector1 = [ 19.0000  0.0000  25.1372  0.0000]
2019-11-02 11:51:58,262 - __main__ - INFO - outvector2 = [ 49.6297]
2019-11-02 11:51:58,262 - __main__ - INFO - kktnorm    = 8.53650026912

2019-11-02 11:51:58,279 - __main__ - INFO - outvector1 = [ 20.0000  0.0000  25.2711  0.0000]
2019-11-02 11:51:58,279 - __main__ - INFO - outvector2 = [ 50.5207]
2019-11-02 11:51:58,279 - __main__ - INFO - kktnorm    = 6.11011372933

2019-11-02 11:51:58,279 - __main__ - INFO -  Finished
