2019-11-09 12:25:45,016 - __main__ - INFO - Started

2019-11-09 12:25:45,016 - __main__ - INFO - outvector1 = [ 0.0000  0.0000  2378.0000  0.0000]
2019-11-09 12:25:45,016 - __main__ - INFO - outvector2 = [ 1.0000  1.0000]

2019-11-09 12:25:45,016 - __main__ - INFO - outvector1 = [ 1.0000  0.0000  869.2400  0.0000]
2019-11-09 12:25:45,030 - __main__ - INFO - outvector2 = [ 20.8000  20.8000]
2019-11-09 12:25:45,030 - __main__ - INFO - kktnorm    = 4850.13101258

2019-11-09 12:25:45,030 - __main__ - INFO - outvector1 = [ 2.0000  0.0000  144.5600  0.0000]
2019-11-09 12:25:45,030 - __main__ - INFO - outvector2 = [ 40.6000  40.6000]
2019-11-09 12:25:45,030 - __main__ - INFO - kktnorm    = 2015.05645024

2019-11-09 12:25:45,046 - __main__ - INFO - outvector1 = [ 3.0000  0.0000  124.7600  0.0000]
2019-11-09 12:25:45,046 - __main__ - INFO - outvector2 = [ 60.4000  20.8000]
2019-11-09 12:25:45,046 - __main__ - INFO - kktnorm    = 919.891744203

2019-11-09 12:25:45,046 - __main__ - INFO - outvector1 = [ 4.0000  0.0000  144.5600  0.0000]
2019-11-09 12:25:45,046 - __main__ - INFO - outvector2 = [ 40.6000  40.6000]
2019-11-09 12:25:45,046 - __main__ - INFO - kktnorm    = 704.383453026

2019-11-09 12:25:45,062 - __main__ - INFO - outvector1 = [ 5.0000  0.0000  124.7600  0.0000]
2019-11-09 12:25:45,062 - __main__ - INFO - outvector2 = [ 60.4000  20.8000]
2019-11-09 12:25:45,062 - __main__ - INFO - kktnorm    = 768.564165781

2019-11-09 12:25:45,062 - __main__ - INFO - outvector1 = [ 6.0000  0.0000  141.6336  0.0000]
2019-11-09 12:25:45,062 - __main__ - INFO - outvector2 = [ 40.6000  39.1368]
2019-11-09 12:25:45,062 - __main__ - INFO - kktnorm    = 486.299390593

2019-11-09 12:25:45,078 - __main__ - INFO - outvector1 = [ 7.0000  0.0000  135.7621  0.0000]
2019-11-09 12:25:45,078 - __main__ - INFO - outvector2 = [ 60.4000  26.3010]
2019-11-09 12:25:45,078 - __main__ - INFO - kktnorm    = 461.355053703

2019-11-09 12:25:45,094 - __main__ - INFO - outvector1 = [ 8.0000  0.0000  34.6610  0.0000]
2019-11-09 12:25:45,094 - __main__ - INFO - outvector2 = [ 44.9971  17.3160]
2019-11-09 12:25:45,094 - __main__ - INFO - kktnorm    = 241.626030487

2019-11-09 12:25:45,094 - __main__ - INFO - outvector1 = [ 9.0000  0.0000  64.5944  0.0000]
2019-11-09 12:25:45,094 - __main__ - INFO - outvector2 = [ 55.7791  28.0980]
2019-11-09 12:25:45,094 - __main__ - INFO - kktnorm    = 254.518453592

2019-11-09 12:25:45,109 - __main__ - INFO - outvector1 = [ 10.0000  0.0000  19.2281  0.0000]
2019-11-09 12:25:45,109 - __main__ - INFO - outvector2 = [ 48.2317  20.5506]
2019-11-09 12:25:45,109 - __main__ - INFO - kktnorm    = 121.472925594

2019-11-09 12:25:45,109 - __main__ - INFO - outvector1 = [ 11.0000  0.0000  39.0222  0.0000]
2019-11-09 12:25:45,109 - __main__ - INFO - outvector2 = [ 53.5149  25.8338]
2019-11-09 12:25:45,109 - __main__ - INFO - kktnorm    = 125.546030895

2019-11-09 12:25:45,125 - __main__ - INFO - outvector1 = [ 12.0000  0.0000  19.3048  0.0000]
2019-11-09 12:25:45,125 - __main__ - INFO - outvector2 = [ 49.8167  22.1356]
2019-11-09 12:25:45,125 - __main__ - INFO - kktnorm    = 63.6841867531

2019-11-09 12:25:45,125 - __main__ - INFO - outvector1 = [ 13.0000  0.0000  30.2348  0.0000]
2019-11-09 12:25:45,125 - __main__ - INFO - outvector2 = [ 52.4054  24.7243]
2019-11-09 12:25:45,141 - __main__ - INFO - kktnorm    = 77.1039421776

2019-11-09 12:25:45,141 - __main__ - INFO - outvector1 = [ 14.0000  0.0000  28.4250  0.0000]
2019-11-09 12:25:45,141 - __main__ - INFO - outvector2 = [ 50.5933  26.5365]
2019-11-09 12:25:45,141 - __main__ - INFO - kktnorm    = 43.3129258369

2019-11-09 12:25:45,155 - __main__ - INFO - outvector1 = [ 15.0000  0.0000  24.1797  0.0000]
2019-11-09 12:25:45,155 - __main__ - INFO - outvector2 = [ 49.3248  24.3619]
2019-11-09 12:25:45,155 - __main__ - INFO - kktnorm    = 16.9992539491

2019-11-09 12:25:45,155 - __main__ - INFO - outvector1 = [ 16.0000  0.0000  27.4856  0.0000]
2019-11-09 12:25:45,155 - __main__ - INFO - outvector2 = [ 50.8470  25.8841]
2019-11-09 12:25:45,155 - __main__ - INFO - kktnorm    = 20.7751240287

2019-11-09 12:25:45,171 - __main__ - INFO - outvector1 = [ 17.0000  0.0000  24.6849  0.0000]
2019-11-09 12:25:45,171 - __main__ - INFO - outvector2 = [ 49.7815  24.8186]
2019-11-09 12:25:45,171 - __main__ - INFO - kktnorm    = 16.5829920635

2019-11-09 12:25:45,171 - __main__ - INFO - outvector1 = [ 18.0000  0.0000  26.8713  0.0000]
2019-11-09 12:25:45,171 - __main__ - INFO - outvector2 = [ 50.6725  25.7096]
2019-11-09 12:25:45,171 - __main__ - INFO - kktnorm    = 6.46518755556

2019-11-09 12:25:45,187 - __main__ - INFO - outvector1 = [ 19.0000  0.0000  24.6849  0.0000]
2019-11-09 12:25:45,187 - __main__ - INFO - outvector2 = [ 49.7815  24.8186]
2019-11-09 12:25:45,187 - __main__ - INFO - kktnorm    = 13.1771679912

2019-11-09 12:25:45,187 - __main__ - INFO - outvector1 = [ 20.0000  0.0000  26.8713  0.0000]
2019-11-09 12:25:45,187 - __main__ - INFO - outvector2 = [ 50.6725  25.7096]
2019-11-09 12:25:45,203 - __main__ - INFO - kktnorm    = 6.46521861137

2019-11-09 12:25:45,203 - __main__ - INFO -  Finished
