2019-11-02 11:51:46,243 - __main__ - INFO - Started

2019-11-02 11:51:46,244 - __main__ - INFO - outvector1 = [0 4 3 2]
2019-11-02 11:51:46,244 - __main__ - INFO - outvector2 = [29 -6 -6]

2019-11-02 11:51:46,290 - __main__ - INFO - outvector1 = [ 1.0000  2.3903  1.8057  0.9929]
2019-11-02 11:51:46,290 - __main__ - INFO - outvector2 = [ 9.9599 -2.1517  0.2152]
2019-11-02 11:51:46,290 - __main__ - INFO - kktnorm    = 4.30711520194

2019-11-02 11:51:46,299 - __main__ - INFO - outvector1 = [ 2.0000  2.0385  1.7624  1.2417]
2019-11-02 11:51:46,299 - __main__ - INFO - outvector2 = [ 8.8030 -0.1143  0.0232]
2019-11-02 11:51:46,303 - __main__ - INFO - kktnorm    = 0.622121086784

2019-11-02 11:51:46,313 - __main__ - INFO - outvector1 = [ 3.0000  2.0178  1.7786  1.2392]
2019-11-02 11:51:46,316 - __main__ - INFO - outvector2 = [ 8.7703 -0.0002  0.0000]
2019-11-02 11:51:46,316 - __main__ - INFO - kktnorm    = 0.0222172958572

2019-11-02 11:51:46,328 - __main__ - INFO - outvector1 = [ 4.0000  2.0176  1.7794  1.2383]
2019-11-02 11:51:46,328 - __main__ - INFO - outvector2 = [ 8.7702  0.0000 -0.0000]
2019-11-02 11:51:46,328 - __main__ - INFO - kktnorm    = 0.00451484816846

2019-11-02 11:51:46,339 - __main__ - INFO - outvector1 = [ 5.0000  2.0176  1.7798  1.2378]
2019-11-02 11:51:46,339 - __main__ - INFO - outvector2 = [ 8.7702  0.0000 -0.0000]
2019-11-02 11:51:46,339 - __main__ - INFO - kktnorm    = 0.00156266302071

2019-11-02 11:51:46,355 - __main__ - INFO - outvector1 = [ 6.0000  2.0175  1.7800  1.2376]
2019-11-02 11:51:46,355 - __main__ - INFO - outvector2 = [ 8.7702 -0.0000 -0.0000]
2019-11-02 11:51:46,355 - __main__ - INFO - kktnorm    = 0.00035034849134

2019-11-02 11:51:46,369 - __main__ - INFO - outvector1 = [ 7.0000  2.0175  1.7800  1.2375]
2019-11-02 11:51:46,369 - __main__ - INFO - outvector2 = [ 8.7702 -0.0000 -0.0000]
2019-11-02 11:51:46,369 - __main__ - INFO - kktnorm    = 4.04623267988e-05

2019-11-02 11:51:46,382 - __main__ - INFO - outvector1 = [ 8.0000  2.0175  1.7800  1.2375]
2019-11-02 11:51:46,382 - __main__ - INFO - outvector2 = [ 8.7702 -0.0000 -0.0000]
2019-11-02 11:51:46,384 - __main__ - INFO - kktnorm    = 2.49407062611e-06

2019-11-02 11:51:46,397 - __main__ - INFO - outvector1 = [ 9.0000  2.0175  1.7800  1.2375]
2019-11-02 11:51:46,397 - __main__ - INFO - outvector2 = [ 8.7702 -0.0000 -0.0000]
2019-11-02 11:51:46,397 - __main__ - INFO - kktnorm    = 8.22081933777e-07

2019-11-02 11:51:46,407 - __main__ - INFO - outvector1 = [ 10.0000  2.0175  1.7800  1.2375]
2019-11-02 11:51:46,408 - __main__ - INFO - outvector2 = [ 8.7702 -0.0000 -0.0000]
2019-11-02 11:51:46,410 - __main__ - INFO - kktnorm    = 3.84492007073e-07

2019-11-02 11:51:46,421 - __main__ - INFO - outvector1 = [ 11.0000  2.0175  1.7800  1.2375]
2019-11-02 11:51:46,423 - __main__ - INFO - outvector2 = [ 8.7702 -0.0000 -0.0000]
2019-11-02 11:51:46,423 - __main__ - INFO - kktnorm    = 4.33594964541e-07

2019-11-02 11:51:46,423 - __main__ - INFO - Finished
