2019-11-09 12:26:04,733 - __main__ - INFO - Started

2019-11-09 12:26:04,733 - __main__ - INFO - outvector1 = [ 0.0000  0.0000  1.5600  0.0000]
2019-11-09 12:26:04,733 - __main__ - INFO - outvector2 = [ 5.0000  5.0000  5.0000  5.0000  5.0000]

2019-11-09 12:26:04,733 - __main__ - INFO - outvector1 = [ 1.0000  0.0000  1.2759  0.1670]
2019-11-09 12:26:04,733 - __main__ - INFO - outvector2 = [ 5.6966  5.1410  4.3965  3.3533  1.8596]
2019-11-09 12:26:04,733 - __main__ - INFO - kktnorm    = 0.171370061536

2019-11-09 12:26:04,750 - __main__ - INFO - outvector1 = [ 2.0000  0.0000  1.3269  0.0399]
2019-11-09 12:26:04,750 - __main__ - INFO - outvector2 = [ 5.8375  5.1815  4.3913  3.4435  2.4100]
2019-11-09 12:26:04,750 - __main__ - INFO - kktnorm    = 0.0477600074108

2019-11-09 12:26:04,750 - __main__ - INFO - outvector1 = [ 3.0000  0.0000  1.3361  0.0099]
2019-11-09 12:26:04,750 - __main__ - INFO - outvector2 = [ 6.0071  5.3200  4.5236  3.5002  2.0608]
2019-11-09 12:26:04,750 - __main__ - INFO - kktnorm    = 0.0158685888384

2019-11-09 12:26:04,765 - __main__ - INFO - outvector1 = [ 4.0000  0.0000  1.3396  0.0007]
2019-11-09 12:26:04,765 - __main__ - INFO - outvector2 = [ 6.0132  5.3033  4.4970  3.4995  2.1555]
2019-11-09 12:26:04,765 - __main__ - INFO - kktnorm    = 0.000915555729183

2019-11-09 12:26:04,765 - __main__ - INFO - outvector1 = [ 5.0000  0.0000  1.3400  0.0000]
2019-11-09 12:26:04,765 - __main__ - INFO - outvector2 = [ 6.0163  5.3080  4.4953  3.5008  2.1534]
2019-11-09 12:26:04,765 - __main__ - INFO - kktnorm    = 0.000133766445798

2019-11-09 12:26:04,780 - __main__ - INFO - outvector1 = [ 6.0000  0.0000  1.3400 -0.0000]
2019-11-09 12:26:04,780 - __main__ - INFO - outvector2 = [ 6.0160  5.3087  4.4947  3.5012  2.1530]
2019-11-09 12:26:04,780 - __main__ - INFO - kktnorm    = 5.36582619091e-05

2019-11-09 12:26:04,780 - __main__ - INFO - outvector1 = [ 7.0000  0.0000  1.3400 -0.0000]
2019-11-09 12:26:04,780 - __main__ - INFO - outvector2 = [ 6.0160  5.3091  4.4944  3.5014  2.1528]
2019-11-09 12:26:04,780 - __main__ - INFO - kktnorm    = 1.95667227397e-05

2019-11-09 12:26:04,796 - __main__ - INFO - outvector1 = [ 8.0000  0.0000  1.3400 -0.0000]
2019-11-09 12:26:04,796 - __main__ - INFO - outvector2 = [ 6.0160  5.3092  4.4943  3.5015  2.1527]
2019-11-09 12:26:04,796 - __main__ - INFO - kktnorm    = 5.20474290641e-06

2019-11-09 12:26:04,796 - __main__ - INFO - outvector1 = [ 9.0000  0.0000  1.3400 -0.0000]
2019-11-09 12:26:04,796 - __main__ - INFO - outvector2 = [ 6.0160  5.3092  4.4943  3.5015  2.1527]
2019-11-09 12:26:04,796 - __main__ - INFO - kktnorm    = 9.11876519134e-07

2019-11-09 12:26:04,812 - __main__ - INFO - outvector1 = [ 10.0000  0.0000  1.3400 -0.0000]
2019-11-09 12:26:04,812 - __main__ - INFO - outvector2 = [ 6.0160  5.3092  4.4943  3.5015  2.1527]
2019-11-09 12:26:04,812 - __main__ - INFO - kktnorm    = 5.46111110239e-07

2019-11-09 12:26:04,812 - __main__ - INFO - outvector1 = [ 11.0000  0.0000  1.3400 -0.0000]
2019-11-09 12:26:04,812 - __main__ - INFO - outvector2 = [ 6.0160  5.3092  4.4943  3.5015  2.1527]
2019-11-09 12:26:04,812 - __main__ - INFO - kktnorm    = 4.97426554885e-07

2019-11-09 12:26:04,812 - __main__ - INFO -  Finished
