2024-08-03 13:39:25,218 - util - INFO - Started

2024-08-03 13:39:25,219 - util - INFO - outvector1 = [ 0.0000  0.0000  1.5600  0.0000]
2024-08-03 13:39:25,220 - util - INFO - outvector2 = [ 5.0000  5.0000  5.0000  5.0000  5.0000]

2024-08-03 13:39:25,239 - util - INFO - outvector1 = [ 1.0000  1.0000  1.3886 -0.0031]
2024-08-03 13:39:25,239 - util - INFO - outvector2 = [ 5.5684  5.0835  4.4966  3.8307  3.2746]
2024-08-03 13:39:25,240 - util - INFO - kktnorm    = 0.05974705313014086

2024-08-03 13:39:25,260 - util - INFO - outvector1 = [ 2.0000  1.0000  1.3504 -0.0083]
2024-08-03 13:39:25,266 - util - INFO - outvector2 = [ 5.8116  5.2229  4.5080  3.6071  2.4908]
2024-08-03 13:39:25,267 - util - INFO - kktnorm    = 0.03117409032933059

2024-08-03 13:39:25,294 - util - INFO - outvector1 = [ 3.0000  2.0000  1.3409 -0.0007]
2024-08-03 13:39:25,295 - util - INFO - outvector2 = [ 5.9143  5.2804  4.5145  3.5580  2.2211]
2024-08-03 13:39:25,295 - util - INFO - kktnorm    = 0.009528774079368597

2024-08-03 13:39:25,323 - util - INFO - outvector1 = [ 4.0000  2.0000  1.3401 -0.0001]
2024-08-03 13:39:25,324 - util - INFO - outvector2 = [ 5.9657  5.3036  4.5144  3.5313  2.1605]
2024-08-03 13:39:25,324 - util - INFO - kktnorm    = 0.003702668445288764

2024-08-03 13:39:25,352 - util - INFO - outvector1 = [ 5.0000  2.0000  1.3400 -0.0000]
2024-08-03 13:39:25,353 - util - INFO - outvector2 = [ 5.9952  5.3095  4.5105  3.5072  2.1516]
2024-08-03 13:39:25,353 - util - INFO - kktnorm    = 0.0013484933199719822

2024-08-03 13:39:25,384 - util - INFO - outvector1 = [ 6.0000  2.0000  1.3400 -0.0000]
2024-08-03 13:39:25,385 - util - INFO - outvector2 = [ 6.0085  5.3082  4.5051  3.4994  2.1526]
2024-08-03 13:39:25,385 - util - INFO - kktnorm    = 0.0007120961770096481

2024-08-03 13:39:25,405 - util - INFO - outvector1 = [ 7.0000  1.0000  1.3400 -0.0000]
2024-08-03 13:39:25,405 - util - INFO - outvector2 = [ 6.0141  5.3076  4.4995  3.5010  2.1515]
2024-08-03 13:39:25,406 - util - INFO - kktnorm    = 0.0003740474521931244

2024-08-03 13:39:25,425 - util - INFO - outvector1 = [ 8.0000  1.0000  1.3400 -0.0000]
2024-08-03 13:39:25,426 - util - INFO - outvector2 = [ 6.0155  5.3083  4.4963  3.5010  2.1525]
2024-08-03 13:39:25,426 - util - INFO - kktnorm    = 0.00014496644922700635

2024-08-03 13:39:25,445 - util - INFO - outvector1 = [ 9.0000  1.0000  1.3400 -0.0000]
2024-08-03 13:39:25,446 - util - INFO - outvector2 = [ 6.0159  5.3087  4.4950  3.5015  2.1526]
2024-08-03 13:39:25,446 - util - INFO - kktnorm    = 5.1076800733483056e-05

2024-08-03 13:39:25,456 - util - INFO - outvector1 = [ 10.0000  0.0000  1.3400 -0.0000]
2024-08-03 13:39:25,456 - util - INFO - outvector2 = [ 6.0161  5.3092  4.4942  3.5015  2.1527]
2024-08-03 13:39:25,457 - util - INFO - kktnorm    = 1.1517946330619358e-05

2024-08-03 13:39:25,467 - util - INFO - outvector1 = [ 11.0000  0.0000  1.3400 -0.0000]
2024-08-03 13:39:25,468 - util - INFO - outvector2 = [ 6.0158  5.3092  4.4944  3.5015  2.1527]
2024-08-03 13:39:25,468 - util - INFO - kktnorm    = 1.0499093028705792e-05

2024-08-03 13:39:25,477 - util - INFO - outvector1 = [ 12.0000  0.0000  1.3400 -0.0000]
2024-08-03 13:39:25,478 - util - INFO - outvector2 = [ 6.0162  5.3091  4.4943  3.5013  2.1527]
2024-08-03 13:39:25,478 - util - INFO - kktnorm    = 1.4832509475739025e-05

2024-08-03 13:39:25,487 - util - INFO - outvector1 = [ 13.0000  0.0000  1.3400 -0.0000]
2024-08-03 13:39:25,488 - util - INFO - outvector2 = [ 6.0158  5.3091  4.4943  3.5017  2.1527]
2024-08-03 13:39:25,488 - util - INFO - kktnorm    = 1.9192731083490904e-05

2024-08-03 13:39:25,498 - util - INFO - outvector1 = [ 14.0000  0.0000  1.3400 -0.0000]
2024-08-03 13:39:25,499 - util - INFO - outvector2 = [ 6.0161  5.3092  4.4944  3.5013  2.1527]
2024-08-03 13:39:25,499 - util - INFO - kktnorm    = 1.3462077315525797e-05

2024-08-03 13:39:25,508 - util - INFO - outvector1 = [ 15.0000  0.0000  1.3400 -0.0000]
2024-08-03 13:39:25,509 - util - INFO - outvector2 = [ 6.0160  5.3092  4.4943  3.5015  2.1527]
2024-08-03 13:39:25,509 - util - INFO - kktnorm    = 3.8997961325805245e-06

2024-08-03 13:39:25,518 - util - INFO - outvector1 = [ 16.0000  0.0000  1.3400 -0.0000]
2024-08-03 13:39:25,519 - util - INFO - outvector2 = [ 6.0160  5.3092  4.4943  3.5015  2.1527]
2024-08-03 13:39:25,519 - util - INFO - kktnorm    = 1.3685485391287322e-06

2024-08-03 13:39:25,528 - util - INFO - outvector1 = [ 17.0000  0.0000  1.3400 -0.0000]
2024-08-03 13:39:25,529 - util - INFO - outvector2 = [ 6.0160  5.3092  4.4943  3.5015  2.1527]
2024-08-03 13:39:25,529 - util - INFO - kktnorm    = 1.768123234621255e-06

2024-08-03 13:39:25,538 - util - INFO - outvector1 = [ 18.0000  0.0000  1.3400 -0.0000]
2024-08-03 13:39:25,539 - util - INFO - outvector2 = [ 6.0160  5.3092  4.4943  3.5015  2.1527]
2024-08-03 13:39:25,539 - util - INFO - kktnorm    = 1.4710648197622299e-06

2024-08-03 13:39:25,548 - util - INFO - outvector1 = [ 19.0000  0.0000  1.3400 -0.0000]
2024-08-03 13:39:25,549 - util - INFO - outvector2 = [ 6.0160  5.3092  4.4943  3.5015  2.1527]
2024-08-03 13:39:25,549 - util - INFO - kktnorm    = 1.2299163140649773e-06

2024-08-03 13:39:25,559 - util - INFO - outvector1 = [ 20.0000  0.0000  1.3400 -0.0000]
2024-08-03 13:39:25,559 - util - INFO - outvector2 = [ 6.0160  5.3092  4.4943  3.5015  2.1527]
2024-08-03 13:39:25,560 - util - INFO - kktnorm    = 1.0945311449160824e-06

2024-08-03 13:39:25,560 - util - INFO - Finished
