2023-10-10 20:23:01,068 - __main__ - INFO - Started

2023-10-10 20:23:01,069 - __main__ - INFO - outvector1 = [0 4 3 2]
2023-10-10 20:23:01,069 - __main__ - INFO - outvector2 = [29 -6 -6]

2023-10-10 20:23:01,100 - __main__ - INFO - outvector1 = [ 1.0000  2.3903  1.8057  0.9929]
2023-10-10 20:23:01,100 - __main__ - INFO - outvector2 = [ 9.9599 -2.1517  0.2152]
2023-10-10 20:23:01,100 - __main__ - INFO - kktnorm    = 4.307115201941679

2023-10-10 20:23:01,119 - __main__ - INFO - outvector1 = [ 2.0000  2.0385  1.7624  1.2417]
2023-10-10 20:23:01,120 - __main__ - INFO - outvector2 = [ 8.8030 -0.1143  0.0232]
2023-10-10 20:23:01,120 - __main__ - INFO - kktnorm    = 0.622121086783928

2023-10-10 20:23:01,139 - __main__ - INFO - outvector1 = [ 3.0000  2.0178  1.7786  1.2392]
2023-10-10 20:23:01,140 - __main__ - INFO - outvector2 = [ 8.7703 -0.0002  0.0000]
2023-10-10 20:23:01,141 - __main__ - INFO - kktnorm    = 0.022217295857244777

2023-10-10 20:23:01,160 - __main__ - INFO - outvector1 = [ 4.0000  2.0176  1.7794  1.2383]
2023-10-10 20:23:01,160 - __main__ - INFO - outvector2 = [ 8.7702  0.0000 -0.0000]
2023-10-10 20:23:01,161 - __main__ - INFO - kktnorm    = 0.004514848168455106

2023-10-10 20:23:01,181 - __main__ - INFO - outvector1 = [ 5.0000  2.0176  1.7798  1.2378]
2023-10-10 20:23:01,182 - __main__ - INFO - outvector2 = [ 8.7702  0.0000 -0.0000]
2023-10-10 20:23:01,182 - __main__ - INFO - kktnorm    = 0.0015626630207072134

2023-10-10 20:23:01,202 - __main__ - INFO - outvector1 = [ 6.0000  2.0175  1.7800  1.2376]
2023-10-10 20:23:01,202 - __main__ - INFO - outvector2 = [ 8.7702 -0.0000 -0.0000]
2023-10-10 20:23:01,203 - __main__ - INFO - kktnorm    = 0.00035034849133979865

2023-10-10 20:23:01,223 - __main__ - INFO - outvector1 = [ 7.0000  2.0175  1.7800  1.2375]
2023-10-10 20:23:01,224 - __main__ - INFO - outvector2 = [ 8.7702 -0.0000 -0.0000]
2023-10-10 20:23:01,224 - __main__ - INFO - kktnorm    = 4.04623267987941e-05

2023-10-10 20:23:01,244 - __main__ - INFO - outvector1 = [ 8.0000  2.0175  1.7800  1.2375]
2023-10-10 20:23:01,244 - __main__ - INFO - outvector2 = [ 8.7702 -0.0000 -0.0000]
2023-10-10 20:23:01,245 - __main__ - INFO - kktnorm    = 2.4940706261082537e-06

2023-10-10 20:23:01,264 - __main__ - INFO - outvector1 = [ 9.0000  2.0175  1.7800  1.2375]
2023-10-10 20:23:01,264 - __main__ - INFO - outvector2 = [ 8.7702 -0.0000 -0.0000]
2023-10-10 20:23:01,265 - __main__ - INFO - kktnorm    = 8.220819337769726e-07

2023-10-10 20:23:01,285 - __main__ - INFO - outvector1 = [ 10.0000  2.0175  1.7800  1.2375]
2023-10-10 20:23:01,285 - __main__ - INFO - outvector2 = [ 8.7702 -0.0000 -0.0000]
2023-10-10 20:23:01,286 - __main__ - INFO - kktnorm    = 3.8449200707305066e-07

2023-10-10 20:23:01,308 - __main__ - INFO - outvector1 = [ 11.0000  2.0175  1.7800  1.2375]
2023-10-10 20:23:01,308 - __main__ - INFO - outvector2 = [ 8.7702 -0.0000 -0.0000]
2023-10-10 20:23:01,309 - __main__ - INFO - kktnorm    = 4.335949645507359e-07

2023-10-10 20:23:01,309 - __main__ - INFO - Finished
