2024-08-18 10:10:55,248 - util - INFO - Started

2024-08-18 10:10:55,250 - util - INFO - outvector1 = [ 0.0000  0.0000  3002.0000  0.0000]
2024-08-18 10:10:55,250 - util - INFO - outvector2 = [ 1.0000  1.0000]

2024-08-18 10:10:55,301 - util - INFO - outvector1 = [ 1.0000  0.0000  895.2800  0.0000]
2024-08-18 10:10:55,302 - util - INFO - outvector2 = [ 20.8000  20.8000]
2024-08-18 10:10:55,303 - util - INFO - kktnorm    = 4850.131012578336

2024-08-18 10:10:55,349 - util - INFO - outvector1 = [ 2.0000  0.0000  356.7200  0.0000]
2024-08-18 10:10:55,351 - util - INFO - outvector2 = [ 40.6000  40.6000]
2024-08-18 10:10:55,352 - util - INFO - kktnorm    = 2015.0564502392053

2024-08-18 10:10:55,402 - util - INFO - outvector1 = [ 3.0000  0.0000  150.8000  0.0000]
2024-08-18 10:10:55,403 - util - INFO - outvector2 = [ 60.4000  20.8000]
2024-08-18 10:10:55,404 - util - INFO - kktnorm    = 919.8917442033521

2024-08-18 10:10:55,447 - util - INFO - outvector1 = [ 4.0000  0.0000  356.7200  0.0000]
2024-08-18 10:10:55,448 - util - INFO - outvector2 = [ 40.6000  40.6000]
2024-08-18 10:10:55,448 - util - INFO - kktnorm    = 704.383453025817

2024-08-18 10:10:55,498 - util - INFO - outvector1 = [ 5.0000  0.0000  150.8000  0.0000]
2024-08-18 10:10:55,500 - util - INFO - outvector2 = [ 60.4000  20.8000]
2024-08-18 10:10:55,501 - util - INFO - kktnorm    = 768.5641657814754

2024-08-18 10:10:55,558 - util - INFO - outvector1 = [ 6.0000  0.0000  313.2085  0.0000]
2024-08-18 10:10:55,560 - util - INFO - outvector2 = [ 40.6000  39.1368]
2024-08-18 10:10:55,561 - util - INFO - kktnorm    = 486.29939059329786

2024-08-18 10:10:55,612 - util - INFO - outvector1 = [ 7.0000  0.0000  134.8527  0.0000]
2024-08-18 10:10:55,613 - util - INFO - outvector2 = [ 60.4000  26.3010]
2024-08-18 10:10:55,614 - util - INFO - kktnorm    = 461.35505370321124

2024-08-18 10:10:55,663 - util - INFO - outvector1 = [ 8.0000  0.0000  109.0726  0.0000]
2024-08-18 10:10:55,664 - util - INFO - outvector2 = [ 44.9971  17.3160]
2024-08-18 10:10:55,665 - util - INFO - kktnorm    = 241.62603048687367

2024-08-18 10:10:55,715 - util - INFO - outvector1 = [ 9.0000  0.0000  67.9962  0.0000]
2024-08-18 10:10:55,716 - util - INFO - outvector2 = [ 55.7791  28.0980]
2024-08-18 10:10:55,717 - util - INFO - kktnorm    = 254.51845359170215

2024-08-18 10:10:55,769 - util - INFO - outvector1 = [ 10.0000  0.0000  47.9238  0.0000]
2024-08-18 10:10:55,770 - util - INFO - outvector2 = [ 48.2317  20.5506]
2024-08-18 10:10:55,771 - util - INFO - kktnorm    = 121.47292559400859

2024-08-18 10:10:55,819 - util - INFO - outvector1 = [ 11.0000  0.0000  38.0498  0.0000]
2024-08-18 10:10:55,821 - util - INFO - outvector2 = [ 53.5149  25.8338]
2024-08-18 10:10:55,821 - util - INFO - kktnorm    = 125.54603089498471

2024-08-18 10:10:55,861 - util - INFO - outvector1 = [ 12.0000  0.0000  33.2385  0.0000]
2024-08-18 10:10:55,862 - util - INFO - outvector2 = [ 49.8167  22.1356]
2024-08-18 10:10:55,863 - util - INFO - kktnorm    = 63.684186753098544

2024-08-18 10:10:55,904 - util - INFO - outvector1 = [ 13.0000  0.0000  30.8621  0.0000]
2024-08-18 10:10:55,905 - util - INFO - outvector2 = [ 52.4054  24.7243]
2024-08-18 10:10:55,906 - util - INFO - kktnorm    = 77.10394217761768

2024-08-18 10:10:55,947 - util - INFO - outvector1 = [ 14.0000  0.0000  27.7128  0.0000]
2024-08-18 10:10:55,948 - util - INFO - outvector2 = [ 50.5933  26.5365]
2024-08-18 10:10:55,948 - util - INFO - kktnorm    = 43.31292583694578

2024-08-18 10:10:55,996 - util - INFO - outvector1 = [ 15.0000  0.0000  25.8630  0.0000]
2024-08-18 10:10:55,997 - util - INFO - outvector2 = [ 49.3248  24.3619]
2024-08-18 10:10:55,998 - util - INFO - kktnorm    = 16.999253949055547

2024-08-18 10:10:56,043 - util - INFO - outvector1 = [ 16.0000  0.0000  26.4991  0.0000]
2024-08-18 10:10:56,045 - util - INFO - outvector2 = [ 50.8470  25.8841]
2024-08-18 10:10:56,046 - util - INFO - kktnorm    = 20.775124028703907

2024-08-18 10:10:56,099 - util - INFO - outvector1 = [ 17.0000  0.0000  25.0807  0.0000]
2024-08-18 10:10:56,100 - util - INFO - outvector2 = [ 49.7815  24.8186]
2024-08-18 10:10:56,101 - util - INFO - kktnorm    = 16.582992063466932

2024-08-18 10:10:56,143 - util - INFO - outvector1 = [ 18.0000  0.0000  25.9557  0.0000]
2024-08-18 10:10:56,144 - util - INFO - outvector2 = [ 50.6725  25.7096]
2024-08-18 10:10:56,145 - util - INFO - kktnorm    = 6.4651875555617115

2024-08-18 10:10:56,180 - util - INFO - outvector1 = [ 19.0000  0.0000  25.0807  0.0000]
2024-08-18 10:10:56,181 - util - INFO - outvector2 = [ 49.7815  24.8186]
2024-08-18 10:10:56,181 - util - INFO - kktnorm    = 13.17716799120528

2024-08-18 10:10:56,217 - util - INFO - outvector1 = [ 20.0000  0.0000  25.9557  0.0000]
2024-08-18 10:10:56,218 - util - INFO - outvector2 = [ 50.6725  25.7096]
2024-08-18 10:10:56,218 - util - INFO - kktnorm    = 6.465218611367788

2024-08-18 10:10:56,219 - util - INFO - Finished
