2024-08-18 10:11:15,700 - util - INFO - Started

2024-08-18 10:11:15,702 - util - INFO - outvector1 = [ 0.0000  0.0000  1.5600  0.0000]
2024-08-18 10:11:15,704 - util - INFO - outvector2 = [ 5.0000  5.0000  5.0000  5.0000  5.0000]

2024-08-18 10:11:15,744 - util - INFO - outvector1 = [ 1.0000  0.0000  1.2759  0.1670]
2024-08-18 10:11:15,745 - util - INFO - outvector2 = [ 5.6966  5.1410  4.3965  3.3533  1.8596]
2024-08-18 10:11:15,746 - util - INFO - kktnorm    = 0.1713700615359315

2024-08-18 10:11:15,780 - util - INFO - outvector1 = [ 2.0000  0.0000  1.3269  0.0399]
2024-08-18 10:11:15,781 - util - INFO - outvector2 = [ 5.8375  5.1815  4.3913  3.4435  2.4100]
2024-08-18 10:11:15,782 - util - INFO - kktnorm    = 0.04776000741078261

2024-08-18 10:11:15,819 - util - INFO - outvector1 = [ 3.0000  0.0000  1.3361  0.0099]
2024-08-18 10:11:15,820 - util - INFO - outvector2 = [ 6.0071  5.3200  4.5236  3.5002  2.0608]
2024-08-18 10:11:15,821 - util - INFO - kktnorm    = 0.015868588838420156

2024-08-18 10:11:15,861 - util - INFO - outvector1 = [ 4.0000  0.0000  1.3396  0.0007]
2024-08-18 10:11:15,862 - util - INFO - outvector2 = [ 6.0132  5.3033  4.4970  3.4995  2.1555]
2024-08-18 10:11:15,863 - util - INFO - kktnorm    = 0.0009155557291830874

2024-08-18 10:11:15,905 - util - INFO - outvector1 = [ 5.0000  0.0000  1.3400  0.0000]
2024-08-18 10:11:15,906 - util - INFO - outvector2 = [ 6.0163  5.3080  4.4953  3.5008  2.1534]
2024-08-18 10:11:15,907 - util - INFO - kktnorm    = 0.00013376644579848998

2024-08-18 10:11:15,937 - util - INFO - outvector1 = [ 6.0000  0.0000  1.3400 -0.0000]
2024-08-18 10:11:15,938 - util - INFO - outvector2 = [ 6.0160  5.3087  4.4947  3.5012  2.1530]
2024-08-18 10:11:15,938 - util - INFO - kktnorm    = 5.365826190914493e-05

2024-08-18 10:11:15,972 - util - INFO - outvector1 = [ 7.0000  0.0000  1.3400 -0.0000]
2024-08-18 10:11:15,973 - util - INFO - outvector2 = [ 6.0160  5.3091  4.4944  3.5014  2.1528]
2024-08-18 10:11:15,973 - util - INFO - kktnorm    = 1.9566722739681337e-05

2024-08-18 10:11:16,012 - util - INFO - outvector1 = [ 8.0000  0.0000  1.3400 -0.0000]
2024-08-18 10:11:16,013 - util - INFO - outvector2 = [ 6.0160  5.3092  4.4943  3.5015  2.1527]
2024-08-18 10:11:16,014 - util - INFO - kktnorm    = 5.204742906394513e-06

2024-08-18 10:11:16,051 - util - INFO - outvector1 = [ 9.0000  0.0000  1.3400 -0.0000]
2024-08-18 10:11:16,053 - util - INFO - outvector2 = [ 6.0160  5.3092  4.4943  3.5015  2.1527]
2024-08-18 10:11:16,055 - util - INFO - kktnorm    = 9.118765191507893e-07

2024-08-18 10:11:16,097 - util - INFO - outvector1 = [ 10.0000  0.0000  1.3400 -0.0000]
2024-08-18 10:11:16,098 - util - INFO - outvector2 = [ 6.0160  5.3092  4.4943  3.5015  2.1527]
2024-08-18 10:11:16,099 - util - INFO - kktnorm    = 5.46111110240763e-07

2024-08-18 10:11:16,138 - util - INFO - outvector1 = [ 11.0000  0.0000  1.3400 -0.0000]
2024-08-18 10:11:16,139 - util - INFO - outvector2 = [ 6.0160  5.3092  4.4943  3.5015  2.1527]
2024-08-18 10:11:16,140 - util - INFO - kktnorm    = 4.974265548847532e-07

2024-08-18 10:11:16,142 - util - INFO - Finished
