2024-08-03 13:39:47,898 - util - INFO - Started

2024-08-03 13:39:48,019 - util - INFO - outvector1 = [ 0.0000  1.0000  1.0000  1.0000]
2024-08-03 13:39:48,019 - util - INFO - outvector2 = [ 0.7500  1.0000  0.7500  0.0000]

2024-08-03 13:39:48,051 - util - INFO - outvector1 = [ 1.0000  0.9034  1.1619  0.9034]
2024-08-03 13:39:48,052 - util - INFO - outvector2 = [ 0.7956  0.9684  0.7956 -0.0314]
2024-08-03 13:39:48,052 - util - INFO - kktnorm    = 0.1952141070502804

2024-08-03 13:39:48,081 - util - INFO - outvector1 = [ 2.0000  0.8171  1.3341  0.8171]
2024-08-03 13:39:48,082 - util - INFO - outvector2 = [ 0.8444  0.9297  0.8444 -0.0318]
2024-08-03 13:39:48,083 - util - INFO - kktnorm    = 0.1799550782662882

2024-08-03 13:39:48,120 - util - INFO - outvector1 = [ 3.0000  0.7370  1.5019  0.7370]
2024-08-03 13:39:48,120 - util - INFO - outvector2 = [ 0.9018  0.8933  0.9018 -0.0241]
2024-08-03 13:39:48,121 - util - INFO - kktnorm    = 0.1252117127645811

2024-08-03 13:39:48,148 - util - INFO - outvector1 = [ 4.0000  0.7498  1.5002  0.7498]
2024-08-03 13:39:48,149 - util - INFO - outvector2 = [ 0.8890  0.8889  0.8890 -0.0002]
2024-08-03 13:39:48,149 - util - INFO - kktnorm    = 0.003942382074756004

2024-08-03 13:39:48,183 - util - INFO - outvector1 = [ 5.0000  0.7500  1.5000  0.7500]
2024-08-03 13:39:48,184 - util - INFO - outvector2 = [ 0.8889  0.8889  0.8889 -0.0000]
2024-08-03 13:39:48,185 - util - INFO - kktnorm    = 0.0001510588875532741

2024-08-03 13:39:48,212 - util - INFO - outvector1 = [ 6.0000  0.7500  1.5000  0.7500]
2024-08-03 13:39:48,213 - util - INFO - outvector2 = [ 0.8889  0.8889  0.8889 -0.0000]
2024-08-03 13:39:48,213 - util - INFO - kktnorm    = 4.1029024540241317e-07

2024-08-03 13:39:48,214 - util - INFO - Finished
