2024-08-18 10:11:07,711 - util - INFO - Started

2024-08-18 10:11:07,713 - util - INFO - outvector1 = [ 0.0000  0.0000  2426.0000  0.0000]
2024-08-18 10:11:07,714 - util - INFO - outvector2 = [ 1.0000]

2024-08-18 10:11:07,767 - util - INFO - outvector1 = [ 1.0000  0.0000  44.8025  0.0000]
2024-08-18 10:11:07,768 - util - INFO - outvector2 = [ 45.5500]
2024-08-18 10:11:07,769 - util - INFO - kktnorm    = 945.5010503156099

2024-08-18 10:11:07,814 - util - INFO - outvector1 = [ 2.0000  0.0000  1633.0100  0.0000]
2024-08-18 10:11:07,816 - util - INFO - outvector2 = [ 90.1000]
2024-08-18 10:11:07,817 - util - INFO - kktnorm    = 83.2277645055855

2024-08-18 10:11:07,853 - util - INFO - outvector1 = [ 3.0000  0.0000  203.4896  0.0000]
2024-08-18 10:11:07,854 - util - INFO - outvector2 = [ 36.6400]
2024-08-18 10:11:07,855 - util - INFO - kktnorm    = 508.031547086969

2024-08-18 10:11:07,893 - util - INFO - outvector1 = [ 4.0000  0.0000  603.9798  0.0000]
2024-08-18 10:11:07,894 - util - INFO - outvector2 = [ 74.0620]
2024-08-18 10:11:07,894 - util - INFO - kktnorm    = 133.51423956455457

2024-08-18 10:11:07,928 - util - INFO - outvector1 = [ 5.0000  0.0000  29.5514  0.0000]
2024-08-18 10:11:07,929 - util - INFO - outvector2 = [ 47.8666]
2024-08-18 10:11:07,930 - util - INFO - kktnorm    = 399.5829075368777

2024-08-18 10:11:07,963 - util - INFO - outvector1 = [ 6.0000  0.0000  287.5495  0.0000]
2024-08-18 10:11:07,964 - util - INFO - outvector2 = [ 66.2034]
2024-08-18 10:11:07,964 - util - INFO - kktnorm    = 41.65811476144007

2024-08-18 10:11:08,006 - util - INFO - outvector1 = [ 7.0000  0.0000  36.3410  0.0000]
2024-08-18 10:11:08,007 - util - INFO - outvector2 = [ 53.3676]
2024-08-18 10:11:08,008 - util - INFO - kktnorm    = 300.3384119150607

2024-08-18 10:11:08,050 - util - INFO - outvector1 = [ 8.0000  0.0000  56.5551  0.0000]
2024-08-18 10:11:08,051 - util - INFO - outvector2 = [ 44.3826]
2024-08-18 10:11:08,052 - util - INFO - kktnorm    = 52.8441702285137

2024-08-18 10:11:08,088 - util - INFO - outvector1 = [ 9.0000  0.0000  51.6735  0.0000]
2024-08-18 10:11:08,089 - util - INFO - outvector2 = [ 55.1646]
2024-08-18 10:11:08,090 - util - INFO - kktnorm    = 89.69810079882959

2024-08-18 10:11:08,119 - util - INFO - outvector1 = [ 10.0000  0.0000  30.6776  0.0000]
2024-08-18 10:11:08,120 - util - INFO - outvector2 = [ 47.6172]
2024-08-18 10:11:08,121 - util - INFO - kktnorm    = 85.15190767142246

2024-08-18 10:11:08,156 - util - INFO - outvector1 = [ 11.0000  0.0000  33.4124  0.0000]
2024-08-18 10:11:08,157 - util - INFO - outvector2 = [ 52.9004]
2024-08-18 10:11:08,158 - util - INFO - kktnorm    = 39.873861731815516

2024-08-18 10:11:08,200 - util - INFO - outvector1 = [ 12.0000  0.0000  25.6365  0.0000]
2024-08-18 10:11:08,201 - util - INFO - outvector2 = [ 49.2022]
2024-08-18 10:11:08,202 - util - INFO - kktnorm    = 49.154729685434674

2024-08-18 10:11:08,245 - util - INFO - outvector1 = [ 13.0000  0.0000  28.2075  0.0000]
2024-08-18 10:11:08,246 - util - INFO - outvector2 = [ 51.7909]
2024-08-18 10:11:08,247 - util - INFO - kktnorm    = 13.704800427245845

2024-08-18 10:11:08,288 - util - INFO - outvector1 = [ 14.0000  0.0000  25.0004  0.0000]
2024-08-18 10:11:08,289 - util - INFO - outvector2 = [ 49.9788]
2024-08-18 10:11:08,290 - util - INFO - kktnorm    = 30.61577350693798

2024-08-18 10:11:08,333 - util - INFO - outvector1 = [ 15.0000  0.0000  26.5214  0.0000]
2024-08-18 10:11:08,334 - util - INFO - outvector2 = [ 51.2335]
2024-08-18 10:11:08,334 - util - INFO - kktnorm    = 2.466919552539645

2024-08-18 10:11:08,381 - util - INFO - outvector1 = [ 16.0000  0.0000  25.1173  0.0000]
2024-08-18 10:11:08,382 - util - INFO - outvector2 = [ 50.3425]
2024-08-18 10:11:08,382 - util - INFO - kktnorm    = 21.083971299040286

2024-08-18 10:11:08,446 - util - INFO - outvector1 = [ 17.0000  0.0000  25.3009  0.0000]
2024-08-18 10:11:08,454 - util - INFO - outvector2 = [ 49.4515]
2024-08-18 10:11:08,463 - util - INFO - kktnorm    = 5.528501973894438

2024-08-18 10:11:08,515 - util - INFO - outvector1 = [ 18.0000  0.0000  25.2711  0.0000]
2024-08-18 10:11:08,515 - util - INFO - outvector2 = [ 50.5207]
2024-08-18 10:11:08,516 - util - INFO - kktnorm    = 9.206755739925754

2024-08-18 10:11:08,566 - util - INFO - outvector1 = [ 19.0000  0.0000  25.1372  0.0000]
2024-08-18 10:11:08,567 - util - INFO - outvector2 = [ 49.6297]
2024-08-18 10:11:08,567 - util - INFO - kktnorm    = 8.536500269119323

2024-08-18 10:11:08,611 - util - INFO - outvector1 = [ 20.0000  0.0000  25.2711  0.0000]
2024-08-18 10:11:08,612 - util - INFO - outvector2 = [ 50.5207]
2024-08-18 10:11:08,613 - util - INFO - kktnorm    = 6.11011372932885

2024-08-18 10:11:08,614 - util - INFO - Finished
